<?xml version="1.0" encoding="UTF-8" ?>
<testsuite tests="173" failures="0" name="org.apache.pdfbox.TestAll" time="45.791" errors="0" skipped="0">
  <properties>
[...]
</properties>
  <testcase classname="org.apache.pdfbox.util.TestDateUtil" name="testExtract" time="0.106"/>
  <testcase classname="org.apache.pdfbox.util.TestDateUtil" name="testFormatTZoffset" time="0.006"/>
  <testcase classname="org.apache.pdfbox.util.TestDateUtil" name="testDateConversion" time="0"/>
  <testcase classname="org.apache.pdfbox.util.TestDateUtil" name="testDateConverter" time="0.241"/>
  <testcase classname="org.apache.pdfbox.util.TestDateUtil" name="testToString" time="0.021"/>
  <testcase classname="org.apache.pdfbox.util.TestDateUtil" name="testEmptyDate" time="0.224"/>
  <testcase classname="org.apache.pdfbox.util.TestDateUtil" name="testParseTZ" time="0.002"/>
  <testcase classname="org.apache.pdfbox.util.TestMatrix" name="testMultiplication" time="0.002"/>
  <testcase classname="org.apache.pdfbox.util.TestMatrix" name="testConstructionAndCopy" time="0.001"/>
  <testcase classname="org.apache.pdfbox.filter.TestFilters" name="testPDFBOX1777" time="0.662"/>
  <testcase classname="org.apache.pdfbox.filter.TestFilters" name="testFilters" time="12.427"/>
  <testcase classname="org.apache.pdfbox.pdmodel.TestFDF" name="testFDFPDFWithLotsOfFields" time="0"/>
  <testcase classname="org.apache.pdfbox.pdmodel.TestFDF" name="testFDFFreedomExpressions" time="0"/>
  <testcase classname="org.apache.pdfbox.pdmodel.TestFDF" name="testFDFfdeb" time="0.001"/>
  <testcase classname="org.apache.pdfbox.pdmodel.interactive.form.TestFields" name="testFlags" time="0.227"/>
  <testcase classname="org.apache.pdfbox.cos.TestCOSString" name="testStaticMembers" time="0.001"/>
  <testcase classname="org.apache.pdfbox.cos.TestCOSString" name="testSetForceHexLiteralForm" time="0.001"/>
  <testcase classname="org.apache.pdfbox.cos.TestCOSString" name="testCompareFromHexString" time="0"/>
  <testcase classname="org.apache.pdfbox.cos.TestCOSString" name="testCreateFromHexString" time="0.001"/>
  <testcase classname="org.apache.pdfbox.cos.TestCOSString" name="testGetString" time="0.001"/>
  <testcase classname="org.apache.pdfbox.cos.TestCOSString" name="testUnicode" time="0.001"/>
  <testcase classname="org.apache.pdfbox.cos.TestCOSString" name="testAppend" time="0.001"/>
  <testcase classname="org.apache.pdfbox.cos.TestCOSString" name="testReset" time="0.003"/>
  <testcase classname="org.apache.pdfbox.cos.TestCOSString" name="testGetHex" time="0"/>
  <testcase classname="org.apache.pdfbox.cos.TestCOSString" name="testGetBytes" time="0"/>
  <testcase classname="org.apache.pdfbox.cos.TestCOSString" name="testWritePDF" time="0"/>
  <testcase classname="org.apache.pdfbox.cos.TestCOSString" name="testAccept" time="0.065"/>
  <testcase classname="org.apache.pdfbox.cos.TestCOSString" name="testEquals" time="0.001"/>
  <testcase classname="org.apache.pdfbox.cos.TestCOSString" name="testHashCode" time="0"/>
  <testcase classname="org.apache.pdfbox.cos.TestCOSString" name="testIsSetNeedToBeUpdate" time="0"/>
  <testcase classname="org.apache.pdfbox.cos.TestCOSString" name="testGetFilterManager" time="0"/>
  <testcase classname="org.apache.pdfbox.cos.TestCOSString" name="testIsSetDirect" time="0"/>
  <testcase classname="org.apache.pdfbox.cos.TestCOSString" name="testGetCOSObject" time="0"/>
  <testcase classname="org.apache.pdfbox.cos.TestCOSInteger" name="testLongValue" time="0"/>
  <testcase classname="org.apache.pdfbox.cos.TestCOSInteger" name="testWritePDF" time="0"/>
  <testcase classname="org.apache.pdfbox.cos.TestCOSInteger" name="testIntValue" time="0"/>
  <testcase classname="org.apache.pdfbox.cos.TestCOSInteger" name="testAccept" time="0.001"/>
  <testcase classname="org.apache.pdfbox.cos.TestCOSInteger" name="testEquals" time="0"/>
  <testcase classname="org.apache.pdfbox.cos.TestCOSInteger" name="testFloatValue" time="0.001"/>
  <testcase classname="org.apache.pdfbox.cos.TestCOSInteger" name="testDoubleValue" time="0"/>
  <testcase classname="org.apache.pdfbox.cos.TestCOSInteger" name="testHashCode" time="0"/>
  <testcase classname="org.apache.pdfbox.cos.TestCOSInteger" name="testGet" time="0.023"/>
  <testcase classname="org.apache.pdfbox.cos.TestCOSInteger" name="testIsSetNeedToBeUpdate" time="0.001"/>
  <testcase classname="org.apache.pdfbox.cos.TestCOSInteger" name="testGetFilterManager" time="0.003"/>
  <testcase classname="org.apache.pdfbox.cos.TestCOSInteger" name="testIsSetDirect" time="0"/>
  <testcase classname="org.apache.pdfbox.cos.TestCOSInteger" name="testGetCOSObject" time="0"/>
  <testcase classname="org.apache.pdfbox.cos.TestCOSFloat" name="testLongValue" time="0.002"/>
  <testcase classname="org.apache.pdfbox.cos.TestCOSFloat" name="testWritePDF" time="0.007"/>
  <testcase classname="org.apache.pdfbox.cos.TestCOSFloat" name="testIntValue" time="0"/>
  <testcase classname="org.apache.pdfbox.cos.TestCOSFloat" name="testAccept" time="0.006"/>
  <testcase classname="org.apache.pdfbox.cos.TestCOSFloat" name="testEquals" time="0.005"/>
  <testcase classname="org.apache.pdfbox.cos.TestCOSFloat" name="testFloatValue" time="0.003"/>
  <testcase classname="org.apache.pdfbox.cos.TestCOSFloat" name="testDoubleValue" time="0.001"/>
  <testcase classname="org.apache.pdfbox.cos.TestCOSFloat" name="testHashCode" time="0.001"/>
  <testcase classname="org.apache.pdfbox.cos.TestCOSFloat" name="testGet" time="0"/>
  <testcase classname="org.apache.pdfbox.cos.TestCOSFloat" name="testIsSetNeedToBeUpdate" time="0"/>
  <testcase classname="org.apache.pdfbox.cos.TestCOSFloat" name="testGetFilterManager" time="0"/>
  <testcase classname="org.apache.pdfbox.cos.TestCOSFloat" name="testIsSetDirect" time="0"/>
  <testcase classname="org.apache.pdfbox.cos.TestCOSFloat" name="testGetCOSObject" time="0"/>
  <testcase classname="org.apache.pdfbox.pdmodel.TestPDDocument" name="testSaveLoadFile" time="0.241"/>
  <testcase classname="org.apache.pdfbox.pdmodel.TestPDDocument" name="testSaveLoadNonSeqFile" time="0.035"/>
  <testcase classname="org.apache.pdfbox.pdmodel.TestPDDocument" name="testSaveLoadNonSeqStream" time="0.222"/>
  <testcase classname="org.apache.pdfbox.pdmodel.TestPDDocument" name="testSaveLoadStream" time="0.002"/>
  <testcase classname="org.apache.pdfbox.pdmodel.TestPDDocumentCatalog" name="testPageLabels" time="0.512"/>
  <testcase classname="org.apache.pdfbox.pdmodel.TestPDDocumentCatalog" name="testPageMap" time="0.053"/>
  <testcase classname="org.apache.pdfbox.pdmodel.TestPDDocumentCatalog" name="testOutputIntents" time="0.059"/>
  <testcase classname="org.apache.pdfbox.pdmodel.TestPDDocumentCatalog" name="testGetNumberOfPages" time="0.019"/>
  <testcase classname="org.apache.pdfbox.pdmodel.TestPDDocumentInformation" name="testMetadataExtraction" time="0.058"/>
  <testcase classname="org.apache.pdfbox.pdmodel.common.TestEmbeddedFiles" name="testNullEmbeddedFile" time="0.057"/>
  <testcase classname="org.apache.pdfbox.pdmodel.common.TestEmbeddedFiles" name="testOSSpecificAttachments" time="0.011"/>
  <testcase classname="org.apache.pdfbox.pdmodel.graphics.optionalcontent.TestOptionalContentGroups" name="testOCGGeneration" time="1.494"/>
  <testcase classname="org.apache.pdfbox.pdmodel.graphics.optionalcontent.TestOptionalContentGroups" name="testOCGConsumption" time="0.004"/>
  <testcase classname="org.apache.pdfbox.util.TestLayerUtility" name="testLayerImport" time="0.067"/>
  <testcase classname="org.apache.pdfbox.TestTextToPdf" name="testCreateEmptyPdf" time="0.054"/>
  <testcase classname="org.apache.pdfbox.pdmodel.common.function.type4.TestOperators" name="testAbs" time="0.417"/>
  <testcase classname="org.apache.pdfbox.pdmodel.common.function.type4.TestOperators" name="testAnd" time="0"/>
  <testcase classname="org.apache.pdfbox.pdmodel.common.function.type4.TestOperators" name="testAtan" time="0.001"/>
  <testcase classname="org.apache.pdfbox.pdmodel.common.function.type4.TestOperators" name="testAdd" time="0.001"/>
  <testcase classname="org.apache.pdfbox.pdmodel.common.function.type4.TestOperators" name="testFloor" time="0"/>
  <testcase classname="org.apache.pdfbox.pdmodel.common.function.type4.TestOperators" name="testDiv" time="0"/>
  <testcase classname="org.apache.pdfbox.pdmodel.common.function.type4.TestOperators" name="testLog" time="0.001"/>
  <testcase classname="org.apache.pdfbox.pdmodel.common.function.type4.TestOperators" name="testIDiv" time="0"/>
  <testcase classname="org.apache.pdfbox.pdmodel.common.function.type4.TestOperators" name="testCeiling" time="0.001"/>
  <testcase classname="org.apache.pdfbox.pdmodel.common.function.type4.TestOperators" name="testCvi" time="0"/>
  <testcase classname="org.apache.pdfbox.pdmodel.common.function.type4.TestOperators" name="testExp" time="0.001"/>
  <testcase classname="org.apache.pdfbox.pdmodel.common.function.type4.TestOperators" name="testCvr" time="0.002"/>
  <testcase classname="org.apache.pdfbox.pdmodel.common.function.type4.TestOperators" name="testLn" time="0"/>
  <testcase classname="org.apache.pdfbox.pdmodel.common.function.type4.TestOperators" name="testCos" time="0.001"/>
  <testcase classname="org.apache.pdfbox.pdmodel.common.function.type4.TestOperators" name="testNe" time="0"/>
  <testcase classname="org.apache.pdfbox.pdmodel.common.function.type4.TestOperators" name="testRound" time="0.001"/>
  <testcase classname="org.apache.pdfbox.pdmodel.common.function.type4.TestOperators" name="testIf" time="0"/>
  <testcase classname="org.apache.pdfbox.pdmodel.common.function.type4.TestOperators" name="testNeg" time="0"/>
  <testcase classname="org.apache.pdfbox.pdmodel.common.function.type4.TestOperators" name="testSub" time="0.001"/>
  <testcase classname="org.apache.pdfbox.pdmodel.common.function.type4.TestOperators" name="testLe" time="0"/>
  <testcase classname="org.apache.pdfbox.pdmodel.common.function.type4.TestOperators" name="testGt" time="0"/>
  <testcase classname="org.apache.pdfbox.pdmodel.common.function.type4.TestOperators" name="testNot" time="0.001"/>
  <testcase classname="org.apache.pdfbox.pdmodel.common.function.type4.TestOperators" name="testGe" time="0"/>
  <testcase classname="org.apache.pdfbox.pdmodel.common.function.type4.TestOperators" name="testEq" time="0"/>
  <testcase classname="org.apache.pdfbox.pdmodel.common.function.type4.TestOperators" name="testSin" time="0"/>
  <testcase classname="org.apache.pdfbox.pdmodel.common.function.type4.TestOperators" name="testMod" time="0.001"/>
  <testcase classname="org.apache.pdfbox.pdmodel.common.function.type4.TestOperators" name="testPop" time="0"/>
  <testcase classname="org.apache.pdfbox.pdmodel.common.function.type4.TestOperators" name="testMul" time="0"/>
  <testcase classname="org.apache.pdfbox.pdmodel.common.function.type4.TestOperators" name="testExch" time="0.001"/>
  <testcase classname="org.apache.pdfbox.pdmodel.common.function.type4.TestOperators" name="testIfElse" time="0"/>
  <testcase classname="org.apache.pdfbox.pdmodel.common.function.type4.TestOperators" name="testTruncate" time="0"/>
  <testcase classname="org.apache.pdfbox.pdmodel.common.function.type4.TestOperators" name="testBitshift" time="0"/>
  <testcase classname="org.apache.pdfbox.pdmodel.common.function.type4.TestOperators" name="testCopy" time="0"/>
  <testcase classname="org.apache.pdfbox.pdmodel.common.function.type4.TestOperators" name="testIndex" time="0"/>
  <testcase classname="org.apache.pdfbox.pdmodel.common.function.type4.TestOperators" name="testDup" time="0.001"/>
  <testcase classname="org.apache.pdfbox.pdmodel.common.function.type4.TestOperators" name="testLt" time="0"/>
  <testcase classname="org.apache.pdfbox.pdmodel.common.function.type4.TestOperators" name="testSqrt" time="0"/>
  <testcase classname="org.apache.pdfbox.pdmodel.common.function.type4.TestOperators" name="testOr" time="0.001"/>
  <testcase classname="org.apache.pdfbox.pdmodel.common.function.type4.TestOperators" name="testXor" time="0"/>
  <testcase classname="org.apache.pdfbox.pdmodel.common.function.type4.TestOperators" name="testRoll" time="0"/>
  <testcase classname="org.apache.pdfbox.pdmodel.common.function.type4.TestParser" name="testJira804" time="0.001"/>
  <testcase classname="org.apache.pdfbox.pdmodel.common.function.type4.TestParser" name="testParserBasics" time="0"/>
  <testcase classname="org.apache.pdfbox.pdmodel.common.function.type4.TestParser" name="testNested" time="0"/>
  <testcase classname="org.apache.pdfbox.pdmodel.common.function.type4.TestParser" name="testParseFloat" time="0"/>
  <testcase classname="org.apache.pdfbox.pdmodel.common.function.TestPDFunctionType4" name="testFunctionArgumentOrder" time="0.083"/>
  <testcase classname="org.apache.pdfbox.pdmodel.common.function.TestPDFunctionType4" name="testFunctionSimple" time="0"/>
  <testcase classname="org.apache.pdfbox.io.TestIOUtils" name="testPopulateBuffer" time="0"/>
  <testcase classname="org.apache.pdfbox.io.TestRandomAccessBuffer" name="testSimpleReadWrite" time="0"/>
  <testcase classname="org.apache.pdfbox.io.TestRandomAccessBuffer" name="testArrayReadWrite" time="0.002"/>
  <testcase classname="org.apache.pdfbox.io.TestRandomAccessBuffer" name="testSimpleArrayReadWrite" time="0.002"/>
  <testcase classname="org.apache.pdfbox.io.TestRandomAccessBuffer" name="testOverwrite" time="0"/>
  <testcase classname="org.apache.pdfbox.io.TestRandomAccessBuffer" name="testPDFBOX1490" time="0"/>
  <testcase classname="org.apache.pdfbox.io.TestRandomAccessFileOutputStream" name="testExpectedLength" time="0.005"/>
  <testcase classname="org.apache.pdfbox.io.TestRandomAccessFileOutputStream" name="testWrite" time="0.004"/>
  <testcase classname="org.apache.pdfbox.io.ccitt.TestPackedBitArray" name="testPackedBitArray" time="0.026"/>
  <testcase classname="org.apache.pdfbox.io.ccitt.TestCCITTFaxG31DDecodeInputStream" name="testDecoderAlignedWithRTC" time="0.025"/>
  <testcase classname="org.apache.pdfbox.io.ccitt.TestCCITTFaxG31DDecodeInputStream" name="testDecoderWhiteLines" time="0"/>
  <testcase classname="org.apache.pdfbox.io.ccitt.TestCCITTFaxG31DDecodeInputStream" name="testDecoderRowsRestriction" time="0"/>
  <testcase classname="org.apache.pdfbox.io.ccitt.TestCCITTFaxG31DDecodeInputStream" name="testDecoderInitialEOL" time="0"/>
  <testcase classname="org.apache.pdfbox.io.ccitt.TestCCITTFaxG31DDecodeInputStream" name="testDecoderWithEOL" time="0"/>
  <testcase classname="org.apache.pdfbox.io.ccitt.TestCCITTFaxG31DDecodeInputStream" name="testDecoderNaked" time="0.001"/>
  <testcase classname="org.apache.pdfbox.TestExtractText" name="testEmbeddedPDFs" time="1.541"/>
  <testcase classname="org.apache.pdfbox.pdmodel.edit.TestPDPageContentStream" name="testSetCmykColors" time="0"/>
  <testcase classname="org.apache.pdfbox.pdmodel.common.TestPDNameTreeNode" name="testUpperLimit" time="0"/>
  <testcase classname="org.apache.pdfbox.pdmodel.common.TestPDNameTreeNode" name="testLowerLimit" time="0"/>
  <testcase classname="org.apache.pdfbox.pdmodel.common.TestPDNumberTreeNode" name="testUpperLimit" time="0.013"/>
  <testcase classname="org.apache.pdfbox.pdmodel.common.TestPDNumberTreeNode" name="testLowerLimit" time="0"/>
  <testcase classname="org.apache.pdfbox.pdmodel.common.TestPDNumberTreeNode" name="testGetValue" time="0.003"/>
  <testcase classname="org.apache.pdfbox.util.PDFCloneUtilityTest" name="testClonePDFWithCosArrayStream2" time="0.119"/>
  <testcase classname="org.apache.pdfbox.util.PDFCloneUtilityTest" name="testClonePDFWithCosArrayStream" time="0.001"/>
  <testcase classname="org.apache.pdfbox.util.PDFMergerUtilityTest" name="testPDFMergerUtility" time="19.494"/>
  <testcase classname="org.apache.pdfbox.pdmodel.graphics.color.PDLabTest" name="testLAB" time="0.038"/>
  <testcase classname="org.apache.pdfbox.pdmodel.graphics.xobject.PDPixelMapTest" name="testCreateLossless4BYTE_ABGR" time="1.173"/>
  <testcase classname="org.apache.pdfbox.pdmodel.graphics.xobject.PDPixelMapTest" name="testCreateLosslessFromColorGIF" time="0.359"/>
  <testcase classname="org.apache.pdfbox.pdmodel.graphics.xobject.PDPixelMapTest" name="testCreateLosslessFromImageRGB" time="0.714"/>
  <testcase classname="org.apache.pdfbox.pdmodel.graphics.xobject.PDPixelMapTest" name="testCreateLosslessFromImageGray" time="0.057"/>
  <testcase classname="org.apache.pdfbox.pdmodel.graphics.xobject.PDPixelMapTest" name="testCreateLosslessINT_RGB" time="0.161"/>
  <testcase classname="org.apache.pdfbox.pdmodel.graphics.xobject.PDPixelMapTest" name="testCreateLosslessINT_BGR" time="0.104"/>
  <testcase classname="org.apache.pdfbox.pdmodel.graphics.xobject.PDPixelMapTest" name="testCreateLosslessINT_ARGB" time="0.213"/>
  <testcase classname="org.apache.pdfbox.pdmodel.graphics.xobject.PDPixelMapTest" name="testCreateLosslessFromBitonalGIF" time="0.095"/>
  <testcase classname="org.apache.pdfbox.pdmodel.graphics.xobject.PDPixelMapTest" name="testCreateLosslessFromImageBITMASK4BYTE_ABGR" time="0.406"/>
  <testcase classname="org.apache.pdfbox.pdmodel.graphics.xobject.PDPixelMapTest" name="testCreateLosslessFromImageBITMASK_INT_ARGB" time="0.236"/>
  <testcase classname="org.apache.pdfbox.pdmodel.graphics.xobject.PDPixelMapTest" name="testCreateLosslessFromTransparentGIF" time="0.546"/>
  <testcase classname="org.apache.pdfbox.pdmodel.graphics.xobject.PDJpegTest" name="testCreateJpegINT_BGR" time="0.306"/>
  <testcase classname="org.apache.pdfbox.pdmodel.graphics.xobject.PDJpegTest" name="testCreateJpegFromColorGIF" time="0.113"/>
  <testcase classname="org.apache.pdfbox.pdmodel.graphics.xobject.PDJpegTest" name="testCreateJpegFromRGBImageFile" time="0.302"/>
  <testcase classname="org.apache.pdfbox.pdmodel.graphics.xobject.PDJpegTest" name="testCreateJpegINT_RGB" time="0.056"/>
  <testcase classname="org.apache.pdfbox.pdmodel.graphics.xobject.PDJpegTest" name="testCreateJpegFromGrayImageFile" time="0.167"/>
  <testcase classname="org.apache.pdfbox.pdmodel.graphics.xobject.PDJpegTest" name="testCreateJpegINT_ARGB" time="0.113"/>
  <testcase classname="org.apache.pdfbox.pdmodel.graphics.xobject.PDJpegTest" name="testCreateJpegFromImageGray" time="0.028"/>
  <testcase classname="org.apache.pdfbox.pdmodel.graphics.xobject.PDJpegTest" name="testCreateJpeg4BYTE_ABGR" time="0.105"/>
  <testcase classname="org.apache.pdfbox.pdmodel.graphics.xobject.PDJpegTest" name="testCreateJpegFromImages" time="0.074"/>
  <testcase classname="org.apache.pdfbox.pdmodel.graphics.xobject.PDCcittTest" name="testCreateFromRandomAccessSingle" time="0.596"/>
  <testcase classname="org.apache.pdfbox.pdmodel.graphics.xobject.PDCcittTest" name="testCreateFromRandomAccessMulti" time="0.208"/>
  <testcase classname="org.apache.pdfbox.util.TestPDFText2HTML" name="testStyle" time="0.053"/>
  <testcase classname="org.apache.pdfbox.util.TestPDFText2HTML" name="testEscapeTitle" time="0.009"/>
  <testcase classname="org.apache.pdfbox.pdmodel.graphics.color.PDColorStateTest" name="testUnsupportedColorSpace" time="0"/>
  <testcase classname="org.apache.pdfbox.pdfparser.EndstreamOutputStreamTest" name="testEndstreamOutputStream" time="0.001"/>
  <testcase classname="org.apache.pdfbox.pdfparser.PDFStreamParserTest" name="testInlineImages" time="0.003"/>
</testsuite>