<?xml version="1.0" encoding="UTF-8" ?>
<testsuite tests="60" failures="0" name="org.apache.xmpbox.schema.DublinCoreTest" time="0.639" errors="0" skipped="0">
  <properties>
[...]
</properties>
  <testcase classname="org.apache.xmpbox.schema.DublinCoreTest" name="testInitializedToNull[0]" time="0.048"/>
  <testcase classname="org.apache.xmpbox.schema.DublinCoreTest" name="testPropertySetterSimple[0]" time="0.008"/>
  <testcase classname="org.apache.xmpbox.schema.DublinCoreTest" name="testPropertySetterInArray[0]" time="0.299"/>
  <testcase classname="org.apache.xmpbox.schema.DublinCoreTest" name="testSettingValueInArray[0]" time="0.009"/>
  <testcase classname="org.apache.xmpbox.schema.DublinCoreTest" name="testSettingValue[0]" time="0.004"/>
  <testcase classname="org.apache.xmpbox.schema.DublinCoreTest" name="testInitializedToNull[1]" time="0.004"/>
  <testcase classname="org.apache.xmpbox.schema.DublinCoreTest" name="testPropertySetterSimple[1]" time="0.005"/>
  <testcase classname="org.apache.xmpbox.schema.DublinCoreTest" name="testPropertySetterInArray[1]" time="0.003"/>
  <testcase classname="org.apache.xmpbox.schema.DublinCoreTest" name="testSettingValueInArray[1]" time="0.003"/>
  <testcase classname="org.apache.xmpbox.schema.DublinCoreTest" name="testSettingValue[1]" time="0.004"/>
  <testcase classname="org.apache.xmpbox.schema.DublinCoreTest" name="testInitializedToNull[2]" time="0.004"/>
  <testcase classname="org.apache.xmpbox.schema.DublinCoreTest" name="testPropertySetterSimple[2]" time="0.004"/>
  <testcase classname="org.apache.xmpbox.schema.DublinCoreTest" name="testPropertySetterInArray[2]" time="0.007"/>
  <testcase classname="org.apache.xmpbox.schema.DublinCoreTest" name="testSettingValueInArray[2]" time="0.004"/>
  <testcase classname="org.apache.xmpbox.schema.DublinCoreTest" name="testSettingValue[2]" time="0.004"/>
  <testcase classname="org.apache.xmpbox.schema.DublinCoreTest" name="testInitializedToNull[3]" time="0.007"/>
  <testcase classname="org.apache.xmpbox.schema.DublinCoreTest" name="testPropertySetterSimple[3]" time="0.004"/>
  <testcase classname="org.apache.xmpbox.schema.DublinCoreTest" name="testPropertySetterInArray[3]" time="0.004"/>
  <testcase classname="org.apache.xmpbox.schema.DublinCoreTest" name="testSettingValueInArray[3]" time="0.006"/>
  <testcase classname="org.apache.xmpbox.schema.DublinCoreTest" name="testSettingValue[3]" time="0.009"/>
  <testcase classname="org.apache.xmpbox.schema.DublinCoreTest" name="testInitializedToNull[4]" time="0.004"/>
  <testcase classname="org.apache.xmpbox.schema.DublinCoreTest" name="testPropertySetterSimple[4]" time="0.006"/>
  <testcase classname="org.apache.xmpbox.schema.DublinCoreTest" name="testPropertySetterInArray[4]" time="0.005"/>
  <testcase classname="org.apache.xmpbox.schema.DublinCoreTest" name="testSettingValueInArray[4]" time="0.005"/>
  <testcase classname="org.apache.xmpbox.schema.DublinCoreTest" name="testSettingValue[4]" time="0.004"/>
  <testcase classname="org.apache.xmpbox.schema.DublinCoreTest" name="testInitializedToNull[5]" time="0.004"/>
  <testcase classname="org.apache.xmpbox.schema.DublinCoreTest" name="testPropertySetterSimple[5]" time="0.003"/>
  <testcase classname="org.apache.xmpbox.schema.DublinCoreTest" name="testPropertySetterInArray[5]" time="0.006"/>
  <testcase classname="org.apache.xmpbox.schema.DublinCoreTest" name="testSettingValueInArray[5]" time="0.005"/>
  <testcase classname="org.apache.xmpbox.schema.DublinCoreTest" name="testSettingValue[5]" time="0.005"/>
  <testcase classname="org.apache.xmpbox.schema.DublinCoreTest" name="testInitializedToNull[6]" time="0.003"/>
  <testcase classname="org.apache.xmpbox.schema.DublinCoreTest" name="testPropertySetterSimple[6]" time="0.004"/>
  <testcase classname="org.apache.xmpbox.schema.DublinCoreTest" name="testPropertySetterInArray[6]" time="0.005"/>
  <testcase classname="org.apache.xmpbox.schema.DublinCoreTest" name="testSettingValueInArray[6]" time="0.004"/>
  <testcase classname="org.apache.xmpbox.schema.DublinCoreTest" name="testSettingValue[6]" time="0.003"/>
  <testcase classname="org.apache.xmpbox.schema.DublinCoreTest" name="testInitializedToNull[7]" time="0.004"/>
  <testcase classname="org.apache.xmpbox.schema.DublinCoreTest" name="testPropertySetterSimple[7]" time="0.005"/>
  <testcase classname="org.apache.xmpbox.schema.DublinCoreTest" name="testPropertySetterInArray[7]" time="0.003"/>
  <testcase classname="org.apache.xmpbox.schema.DublinCoreTest" name="testSettingValueInArray[7]" time="0.007"/>
  <testcase classname="org.apache.xmpbox.schema.DublinCoreTest" name="testSettingValue[7]" time="0.005"/>
  <testcase classname="org.apache.xmpbox.schema.DublinCoreTest" name="testInitializedToNull[8]" time="0.004"/>
  <testcase classname="org.apache.xmpbox.schema.DublinCoreTest" name="testPropertySetterSimple[8]" time="0.005"/>
  <testcase classname="org.apache.xmpbox.schema.DublinCoreTest" name="testPropertySetterInArray[8]" time="0.004"/>
  <testcase classname="org.apache.xmpbox.schema.DublinCoreTest" name="testSettingValueInArray[8]" time="0.004"/>
  <testcase classname="org.apache.xmpbox.schema.DublinCoreTest" name="testSettingValue[8]" time="0.003"/>
  <testcase classname="org.apache.xmpbox.schema.DublinCoreTest" name="testInitializedToNull[9]" time="0.004"/>
  <testcase classname="org.apache.xmpbox.schema.DublinCoreTest" name="testPropertySetterSimple[9]" time="0.006"/>
  <testcase classname="org.apache.xmpbox.schema.DublinCoreTest" name="testPropertySetterInArray[9]" time="0.005"/>
  <testcase classname="org.apache.xmpbox.schema.DublinCoreTest" name="testSettingValueInArray[9]" time="0.003"/>
  <testcase classname="org.apache.xmpbox.schema.DublinCoreTest" name="testSettingValue[9]" time="0.005"/>
  <testcase classname="org.apache.xmpbox.schema.DublinCoreTest" name="testInitializedToNull[10]" time="0.006"/>
  <testcase classname="org.apache.xmpbox.schema.DublinCoreTest" name="testPropertySetterSimple[10]" time="0.003"/>
  <testcase classname="org.apache.xmpbox.schema.DublinCoreTest" name="testPropertySetterInArray[10]" time="0.003"/>
  <testcase classname="org.apache.xmpbox.schema.DublinCoreTest" name="testSettingValueInArray[10]" time="0.003"/>
  <testcase classname="org.apache.xmpbox.schema.DublinCoreTest" name="testSettingValue[10]" time="0.005"/>
  <testcase classname="org.apache.xmpbox.schema.DublinCoreTest" name="testInitializedToNull[11]" time="0.003"/>
  <testcase classname="org.apache.xmpbox.schema.DublinCoreTest" name="testPropertySetterSimple[11]" time="0.005"/>
  <testcase classname="org.apache.xmpbox.schema.DublinCoreTest" name="testPropertySetterInArray[11]" time="0.005"/>
  <testcase classname="org.apache.xmpbox.schema.DublinCoreTest" name="testSettingValueInArray[11]" time="0.013"/>
  <testcase classname="org.apache.xmpbox.schema.DublinCoreTest" name="testSettingValue[11]" time="0.002"/>
</testsuite>